Added Component: Designator=C1(CAPC1608N)
Add component. Clean all parameters for all variants
Add component (AddParameter): Name = "Artikelnummer_DIS"; Value = ""; VariantName = "[No Variations]"
Add component (AddParameter): Name = "Artikelnummer_FA"; Value = "1735540"; VariantName = "[No Variations]"
Add component (AddParameter): Name = "Artikelnummer_HEK"; Value = "1280791"; VariantName = "[No Variations]"
Add component (AddParameter): Name = "Artikelnummer_MOU"; Value = "80-C0603C105K3PAC"; VariantName = "[No Variations]"
Add component (AddParameter): Name = "Artikelnummer_SAP"; Value = ""; VariantName = "[No Variations]"
Add component (AddParameter): Name = "Bestückung"; Value = ""; VariantName = "[No Variations]"
Add component (AddParameter): Name = "Datum"; Value = "03.10.2010"; VariantName = "[No Variations]"
Add component (AddParameter): Name = "Dielektrikum"; Value = "X5R"; VariantName = "[No Variations]"
Add component (AddParameter): Name = "HelpURL"; Value = ""; VariantName = "[No Variations]"
Add component (AddParameter): Name = "Hersteller"; Value = "Kemet"; VariantName = "[No Variations]"
Add component (AddParameter): Name = "Info"; Value = ""; VariantName = "[No Variations]"
Add component (AddParameter): Name = "Richtpreis_EURO"; Value = "0.01"; VariantName = "[No Variations]"
Added Component: Designator=C2(CAPC1608N)
Add component. Clean all parameters for all variants
Add component (AddParameter): Name = "Artikelnummer_DIS"; Value = ""; VariantName = "[No Variations]"
Add component (AddParameter): Name = "Artikelnummer_FA"; Value = "1735540"; VariantName = "[No Variations]"
Add component (AddParameter): Name = "Artikelnummer_HEK"; Value = "1280791"; VariantName = "[No Variations]"
Add component (AddParameter): Name = "Artikelnummer_MOU"; Value = "80-C0603C105K3PAC"; VariantName = "[No Variations]"
Add component (AddParameter): Name = "Artikelnummer_SAP"; Value = ""; VariantName = "[No Variations]"
Add component (AddParameter): Name = "Bestückung"; Value = ""; VariantName = "[No Variations]"
Add component (AddParameter): Name = "Datum"; Value = "03.10.2010"; VariantName = "[No Variations]"
Add component (AddParameter): Name = "Dielektrikum"; Value = "X5R"; VariantName = "[No Variations]"
Add component (AddParameter): Name = "HelpURL"; Value = ""; VariantName = "[No Variations]"
Add component (AddParameter): Name = "Hersteller"; Value = "Kemet"; VariantName = "[No Variations]"
Add component (AddParameter): Name = "Info"; Value = ""; VariantName = "[No Variations]"
Add component (AddParameter): Name = "Richtpreis_EURO"; Value = "0.01"; VariantName = "[No Variations]"
Added Component: Designator=C3(0603)
Add component. Clean all parameters for all variants
Add component (AddParameter): Name = "Artikelnummer_DIS"; Value = ""; VariantName = "[No Variations]"
Add component (AddParameter): Name = "Artikelnummer_FA"; Value = "1362556"; VariantName = "[No Variations]"
Add component (AddParameter): Name = "Artikelnummer_HEK"; Value = "1280316"; VariantName = "[No Variations]"
Add component (AddParameter): Name = "Artikelnummer_SAP"; Value = ""; VariantName = "[No Variations]"
Add component (AddParameter): Name = "Bestückung"; Value = ""; VariantName = "[No Variations]"
Add component (AddParameter): Name = "Datum"; Value = "08.06.06"; VariantName = "[No Variations]"
Add component (AddParameter): Name = "HelpURL"; Value = "http://hk79295n10/idmws/doccontent.dll?library=hekatron^hk79295n11&id=003751259"; VariantName = "[No Variations]"
Add component (AddParameter): Name = "Info"; Value = ""; VariantName = "[No Variations]"
Add component (AddParameter): Name = "Richtpreis_EURO"; Value = "0.0017"; VariantName = "[No Variations]"
Added Component: Designator=C4(0603)
Add component. Clean all parameters for all variants
Add component (AddParameter): Name = "Artikelnummer_DIS"; Value = ""; VariantName = "[No Variations]"
Add component (AddParameter): Name = "Artikelnummer_FA"; Value = "1362556"; VariantName = "[No Variations]"
Add component (AddParameter): Name = "Artikelnummer_HEK"; Value = "1280316"; VariantName = "[No Variations]"
Add component (AddParameter): Name = "Artikelnummer_SAP"; Value = ""; VariantName = "[No Variations]"
Add component (AddParameter): Name = "Bestückung"; Value = ""; VariantName = "[No Variations]"
Add component (AddParameter): Name = "Datum"; Value = "08.06.06"; VariantName = "[No Variations]"
Add component (AddParameter): Name = "HelpURL"; Value = "http://hk79295n10/idmws/doccontent.dll?library=hekatron^hk79295n11&id=003751259"; VariantName = "[No Variations]"
Add component (AddParameter): Name = "Info"; Value = ""; VariantName = "[No Variations]"
Add component (AddParameter): Name = "Richtpreis_EURO"; Value = "0.0017"; VariantName = "[No Variations]"
Added Component: Designator=C5(0603)
Add component. Clean all parameters for all variants
Add component (AddParameter): Name = "Artikelnummer_DIS"; Value = ""; VariantName = "[No Variations]"
Add component (AddParameter): Name = "Artikelnummer_FA"; Value = "1362556"; VariantName = "[No Variations]"
Add component (AddParameter): Name = "Artikelnummer_HEK"; Value = "1280316"; VariantName = "[No Variations]"
Add component (AddParameter): Name = "Artikelnummer_SAP"; Value = ""; VariantName = "[No Variations]"
Add component (AddParameter): Name = "Bestückung"; Value = ""; VariantName = "[No Variations]"
Add component (AddParameter): Name = "Datum"; Value = "08.06.06"; VariantName = "[No Variations]"
Add component (AddParameter): Name = "HelpURL"; Value = "http://hk79295n10/idmws/doccontent.dll?library=hekatron^hk79295n11&id=003751259"; VariantName = "[No Variations]"
Add component (AddParameter): Name = "Info"; Value = ""; VariantName = "[No Variations]"
Add component (AddParameter): Name = "Richtpreis_EURO"; Value = "0.0017"; VariantName = "[No Variations]"
Added Component: Designator=C6(0603)
Add component. Clean all parameters for all variants
Add component (AddParameter): Name = "Artikelnummer_DIS"; Value = ""; VariantName = "[No Variations]"
Add component (AddParameter): Name = "Artikelnummer_FA"; Value = "1362556"; VariantName = "[No Variations]"
Add component (AddParameter): Name = "Artikelnummer_HEK"; Value = "1280316"; VariantName = "[No Variations]"
Add component (AddParameter): Name = "Artikelnummer_SAP"; Value = ""; VariantName = "[No Variations]"
Add component (AddParameter): Name = "Bestückung"; Value = ""; VariantName = "[No Variations]"
Add component (AddParameter): Name = "Datum"; Value = "08.06.06"; VariantName = "[No Variations]"
Add component (AddParameter): Name = "HelpURL"; Value = "http://hk79295n10/idmws/doccontent.dll?library=hekatron^hk79295n11&id=003751259"; VariantName = "[No Variations]"
Add component (AddParameter): Name = "Info"; Value = ""; VariantName = "[No Variations]"
Add component (AddParameter): Name = "Richtpreis_EURO"; Value = "0.0017"; VariantName = "[No Variations]"
Added Component: Designator=C7(CAPC1608N)
Add component. Clean all parameters for all variants
Add component (AddParameter): Name = "Artikelnummer_DIS"; Value = ""; VariantName = "[No Variations]"
Add component (AddParameter): Name = "Artikelnummer_FA"; Value = "1735540"; VariantName = "[No Variations]"
Add component (AddParameter): Name = "Artikelnummer_HEK"; Value = "1280791"; VariantName = "[No Variations]"
Add component (AddParameter): Name = "Artikelnummer_MOU"; Value = "80-C0603C105K3PAC"; VariantName = "[No Variations]"
Add component (AddParameter): Name = "Artikelnummer_SAP"; Value = ""; VariantName = "[No Variations]"
Add component (AddParameter): Name = "Bestückung"; Value = ""; VariantName = "[No Variations]"
Add component (AddParameter): Name = "Datum"; Value = "03.10.2010"; VariantName = "[No Variations]"
Add component (AddParameter): Name = "Dielektrikum"; Value = "X5R"; VariantName = "[No Variations]"
Add component (AddParameter): Name = "HelpURL"; Value = ""; VariantName = "[No Variations]"
Add component (AddParameter): Name = "Hersteller"; Value = "Kemet"; VariantName = "[No Variations]"
Add component (AddParameter): Name = "Info"; Value = ""; VariantName = "[No Variations]"
Add component (AddParameter): Name = "Richtpreis_EURO"; Value = "0.01"; VariantName = "[No Variations]"
Added Component: Designator=C8(0603)
Add component. Clean all parameters for all variants
Add component (AddParameter): Name = "Artikelnummer_DIS"; Value = ""; VariantName = "[No Variations]"
Add component (AddParameter): Name = "Artikelnummer_FA"; Value = "1362556"; VariantName = "[No Variations]"
Add component (AddParameter): Name = "Artikelnummer_HEK"; Value = "1280316"; VariantName = "[No Variations]"
Add component (AddParameter): Name = "Artikelnummer_SAP"; Value = ""; VariantName = "[No Variations]"
Add component (AddParameter): Name = "Bestückung"; Value = ""; VariantName = "[No Variations]"
Add component (AddParameter): Name = "Datum"; Value = "08.06.06"; VariantName = "[No Variations]"
Add component (AddParameter): Name = "HelpURL"; Value = "http://hk79295n10/idmws/doccontent.dll?library=hekatron^hk79295n11&id=003751259"; VariantName = "[No Variations]"
Add component (AddParameter): Name = "Info"; Value = ""; VariantName = "[No Variations]"
Add component (AddParameter): Name = "Richtpreis_EURO"; Value = "0.0017"; VariantName = "[No Variations]"
Added Component: Designator=IC1(SOT23)
Add component. Clean all parameters for all variants
Added Component: Designator=IC2(LQFP-32)
Add component. Clean all parameters for all variants
Added Component: Designator=IC3(SOT23-6)
Add component. Clean all parameters for all variants
Added Component: Designator=L1(RESC1608N)
Add component. Clean all parameters for all variants
Add component (AddParameter): Name = "Artikelnummer_DIS"; Value = ""; VariantName = "[No Variations]"
Add component (AddParameter): Name = "Artikelnummer_FA"; Value = "1515723"; VariantName = "[No Variations]"
Add component (AddParameter): Name = "Artikelnummer_HEK"; Value = "1020415"; VariantName = "[No Variations]"
Add component (AddParameter): Name = "Artikelnummer_SAP"; Value = ""; VariantName = "[No Variations]"
Add component (AddParameter): Name = "Bestückung"; Value = ""; VariantName = "[No Variations]"
Add component (AddParameter): Name = "Datum"; Value = "10.06.12"; VariantName = "[No Variations]"
Add component (AddParameter): Name = "HelpURL"; Value = ""; VariantName = "[No Variations]"
Add component (AddParameter): Name = "Info"; Value = "Murata: BLM18EG601SN1D"; VariantName = "[No Variations]"
Add component (AddParameter): Name = "Richtpreis_EURO"; Value = "0.0183"; VariantName = "[No Variations]"
Added Component: Designator=P1(1x5 Header)
Add component. Clean all parameters for all variants
Added Component: Designator=P2(1x2 Header)
Add component. Clean all parameters for all variants
Add component (AddParameter): Name = "Artikelnummer_DIS"; Value = ""; VariantName = "[No Variations]"
Add component (AddParameter): Name = "Artikelnummer_FA"; Value = ""; VariantName = "[No Variations]"
Add component (AddParameter): Name = "Artikelnummer_HEK"; Value = "2520674"; VariantName = "[No Variations]"
Add component (AddParameter): Name = "Artikelnummer_SAP"; Value = ""; VariantName = "[No Variations]"
Add component (AddParameter): Name = "Bestückung"; Value = ""; VariantName = "[No Variations]"
Add component (AddParameter): Name = "Datum"; Value = ""; VariantName = "[No Variations]"
Add component (AddParameter): Name = "HelpURL"; Value = "http://dmshekatron.securiton.int/idmwsout/doccontent.dll?library=hekatron^hk79295n11&id=004881205"; VariantName = "[No Variations]"
Add component (AddParameter): Name = "Info"; Value = ""; VariantName = "[No Variations]"
Add component (AddParameter): Name = "Richtpreis_EURO"; Value = "0.2"; VariantName = "[No Variations]"
Add component (AddParameter): Name = "SMD"; Value = "N"; VariantName = "[No Variations]"
Add component (AddParameter): Name = "System"; Value = "Connector"; VariantName = "[No Variations]"
Added Component: Designator=P3(USB4105-GF-A)
Add component. Clean all parameters for all variants
Added Component: Designator=R1(RESC1608N)
Add component. Clean all parameters for all variants
Add component (AddParameter): Name = "Artikelnummer_DIS"; Value = "715628"; VariantName = "[No Variations]"
Add component (AddParameter): Name = "Artikelnummer_FA"; Value = "1576305"; VariantName = "[No Variations]"
Add component (AddParameter): Name = "Artikelnummer_HEK"; Value = "1191450"; VariantName = "[No Variations]"
Add component (AddParameter): Name = "Artikelnummer_SAP"; Value = ""; VariantName = "[No Variations]"
Add component (AddParameter): Name = "Bestückung"; Value = ""; VariantName = "[No Variations]"
Add component (AddParameter): Name = "Datum"; Value = "20.12.06"; VariantName = "[No Variations]"
Add component (AddParameter): Name = "HelpURL"; Value = "http://hk79295n10/idmws/doccontent.dll?library=hekatron^hk79295n11&id=004062332"; VariantName = "[No Variations]"
Add component (AddParameter): Name = "Info"; Value = ""; VariantName = "[No Variations]"
Add component (AddParameter): Name = "Richtpreis_EURO"; Value = "0.01"; VariantName = "[No Variations]"
Added Component: Designator=R2(0603)
Add component. Clean all parameters for all variants
Add component (AddParameter): Name = "Artikelnummer_DIS"; Value = ""; VariantName = "[No Variations]"
Add component (AddParameter): Name = "Artikelnummer_FA"; Value = ""; VariantName = "[No Variations]"
Add component (AddParameter): Name = "Artikelnummer_HEK"; Value = "1190787"; VariantName = "[No Variations]"
Add component (AddParameter): Name = "Artikelnummer_SAP"; Value = ""; VariantName = "[No Variations]"
Add component (AddParameter): Name = "Bestückung"; Value = ""; VariantName = "[No Variations]"
Add component (AddParameter): Name = "Datum"; Value = "20.03.14"; VariantName = "[No Variations]"
Add component (AddParameter): Name = "HelpURL"; Value = ""; VariantName = "[No Variations]"
Add component (AddParameter): Name = "Info"; Value = ""; VariantName = "[No Variations]"
Add component (AddParameter): Name = "Richtpreis_EURO"; Value = "0.0003"; VariantName = "[No Variations]"
Added Component: Designator=R3(0603)
Add component. Clean all parameters for all variants
Add component (AddParameter): Name = "Artikelnummer_DIS"; Value = ""; VariantName = "[No Variations]"
Add component (AddParameter): Name = "Artikelnummer_FA"; Value = "1799349"; VariantName = "[No Variations]"
Add component (AddParameter): Name = "Artikelnummer_HEK"; Value = "1191872"; VariantName = "[No Variations]"
Add component (AddParameter): Name = "Artikelnummer_SAP"; Value = ""; VariantName = "[No Variations]"
Add component (AddParameter): Name = "Bestückung"; Value = ""; VariantName = "[No Variations]"
Add component (AddParameter): Name = "Datum"; Value = "14.05.10"; VariantName = "[No Variations]"
Add component (AddParameter): Name = "HelpURL"; Value = "http://hk79295n10/IDMWSout/doccontent.dll?library=hekatron^hk79295n11&id=004064519"; VariantName = "[No Variations]"
Add component (AddParameter): Name = "Info"; Value = ""; VariantName = "[No Variations]"
Add component (AddParameter): Name = "Richtpreis_EURO"; Value = "0.01"; VariantName = "[No Variations]"
Added Component: Designator=R4(0603)
Add component. Clean all parameters for all variants
Add component (AddParameter): Name = "Artikelnummer_DIS"; Value = ""; VariantName = "[No Variations]"
Add component (AddParameter): Name = "Artikelnummer_FA"; Value = ""; VariantName = "[No Variations]"
Add component (AddParameter): Name = "Artikelnummer_HEK"; Value = "1190787"; VariantName = "[No Variations]"
Add component (AddParameter): Name = "Artikelnummer_SAP"; Value = ""; VariantName = "[No Variations]"
Add component (AddParameter): Name = "Bestückung"; Value = ""; VariantName = "[No Variations]"
Add component (AddParameter): Name = "Datum"; Value = "20.03.14"; VariantName = "[No Variations]"
Add component (AddParameter): Name = "HelpURL"; Value = ""; VariantName = "[No Variations]"
Add component (AddParameter): Name = "Info"; Value = ""; VariantName = "[No Variations]"
Add component (AddParameter): Name = "Richtpreis_EURO"; Value = "0.0003"; VariantName = "[No Variations]"
Added Component: Designator=R5(0603)
Add component. Clean all parameters for all variants
Add component (AddParameter): Name = "Artikelnummer_DIS"; Value = ""; VariantName = "[No Variations]"
Add component (AddParameter): Name = "Artikelnummer_FA"; Value = ""; VariantName = "[No Variations]"
Add component (AddParameter): Name = "Artikelnummer_HEK"; Value = "1190787"; VariantName = "[No Variations]"
Add component (AddParameter): Name = "Artikelnummer_SAP"; Value = ""; VariantName = "[No Variations]"
Add component (AddParameter): Name = "Bestückung"; Value = ""; VariantName = "[No Variations]"
Add component (AddParameter): Name = "Datum"; Value = "20.03.14"; VariantName = "[No Variations]"
Add component (AddParameter): Name = "HelpURL"; Value = ""; VariantName = "[No Variations]"
Add component (AddParameter): Name = "Info"; Value = ""; VariantName = "[No Variations]"
Add component (AddParameter): Name = "Richtpreis_EURO"; Value = "0.0003"; VariantName = "[No Variations]"
Added Component: Designator=R6(RESC1608N)
Add component. Clean all parameters for all variants
Add component (AddParameter): Name = "Artikelnummer_DIS"; Value = ""; VariantName = "[No Variations]"
Add component (AddParameter): Name = "Artikelnummer_FA"; Value = ""; VariantName = "[No Variations]"
Add component (AddParameter): Name = "Artikelnummer_HEK"; Value = "1191340"; VariantName = "[No Variations]"
Add component (AddParameter): Name = "Artikelnummer_SAP"; Value = ""; VariantName = "[No Variations]"
Add component (AddParameter): Name = "Bestückung"; Value = "nicht best."; VariantName = "[No Variations]"
Add component (AddParameter): Name = "Datum"; Value = "20.03.14"; VariantName = "[No Variations]"
Add component (AddParameter): Name = "HelpURL"; Value = ""; VariantName = "[No Variations]"
Add component (AddParameter): Name = "Info"; Value = ""; VariantName = "[No Variations]"
Add component (AddParameter): Name = "Richtpreis_EURO"; Value = "0.0004"; VariantName = "[No Variations]"
Added Component: Designator=R7(RESC1608N)
Add component. Clean all parameters for all variants
Add component (AddParameter): Name = "Artikelnummer_DIS"; Value = ""; VariantName = "[No Variations]"
Add component (AddParameter): Name = "Artikelnummer_FA"; Value = "1576250"; VariantName = "[No Variations]"
Add component (AddParameter): Name = "Artikelnummer_HEK"; Value = "1191543"; VariantName = "[No Variations]"
Add component (AddParameter): Name = "Artikelnummer_SAP"; Value = ""; VariantName = "[No Variations]"
Add component (AddParameter): Name = "Bestückung"; Value = ""; VariantName = "[No Variations]"
Add component (AddParameter): Name = "Datum"; Value = "26.04.06"; VariantName = "[No Variations]"
Add component (AddParameter): Name = "HelpURL"; Value = ""; VariantName = "[No Variations]"
Add component (AddParameter): Name = "Info"; Value = ""; VariantName = "[No Variations]"
Add component (AddParameter): Name = "Richtpreis_EURO"; Value = "0.01"; VariantName = "[No Variations]"
Added Component: Designator=R8(RESC1608N)
Add component. Clean all parameters for all variants
Add component (AddParameter): Name = "Artikelnummer_DIS"; Value = ""; VariantName = "[No Variations]"
Add component (AddParameter): Name = "Artikelnummer_FA"; Value = "1576250"; VariantName = "[No Variations]"
Add component (AddParameter): Name = "Artikelnummer_HEK"; Value = "1191543"; VariantName = "[No Variations]"
Add component (AddParameter): Name = "Artikelnummer_SAP"; Value = ""; VariantName = "[No Variations]"
Add component (AddParameter): Name = "Bestückung"; Value = ""; VariantName = "[No Variations]"
Add component (AddParameter): Name = "Datum"; Value = "26.04.06"; VariantName = "[No Variations]"
Add component (AddParameter): Name = "HelpURL"; Value = ""; VariantName = "[No Variations]"
Add component (AddParameter): Name = "Info"; Value = ""; VariantName = "[No Variations]"
Add component (AddParameter): Name = "Richtpreis_EURO"; Value = "0.01"; VariantName = "[No Variations]"
Added Component: Designator=R9(0603)
Add component. Clean all parameters for all variants
Add component (AddParameter): Name = "Artikelnummer_DIS"; Value = "715605"; VariantName = "[No Variations]"
Add component (AddParameter): Name = "Artikelnummer_FA"; Value = ""; VariantName = "[No Variations]"
Add component (AddParameter): Name = "Artikelnummer_HEK"; Value = "1191429"; VariantName = "[No Variations]"
Add component (AddParameter): Name = "Artikelnummer_SAP"; Value = ""; VariantName = "[No Variations]"
Add component (AddParameter): Name = "Bestückung"; Value = ""; VariantName = "[No Variations]"
Add component (AddParameter): Name = "Datum"; Value = "26.04.06"; VariantName = "[No Variations]"
Add component (AddParameter): Name = "HelpURL"; Value = ""; VariantName = "[No Variations]"
Add component (AddParameter): Name = "Info"; Value = ""; VariantName = "[No Variations]"
Add component (AddParameter): Name = "Richtpreis_EURO"; Value = "0.0004"; VariantName = "[No Variations]"
Added Component: Designator=R10(0603)
Add component. Clean all parameters for all variants
Add component (AddParameter): Name = "Artikelnummer_DIS"; Value = ""; VariantName = "[No Variations]"
Add component (AddParameter): Name = "Artikelnummer_FA"; Value = ""; VariantName = "[No Variations]"
Add component (AddParameter): Name = "Artikelnummer_HEK"; Value = "1190782"; VariantName = "[No Variations]"
Add component (AddParameter): Name = "Artikelnummer_SAP"; Value = ""; VariantName = "[No Variations]"
Add component (AddParameter): Name = "Bestückung"; Value = ""; VariantName = "[No Variations]"
Add component (AddParameter): Name = "Datum"; Value = "20.03.14"; VariantName = "[No Variations]"
Add component (AddParameter): Name = "HelpURL"; Value = ""; VariantName = "[No Variations]"
Add component (AddParameter): Name = "Info"; Value = ""; VariantName = "[No Variations]"
Add component (AddParameter): Name = "Richtpreis_EURO"; Value = "0.0001"; VariantName = "[No Variations]"
Added Component: Designator=R11(0603)
Add component. Clean all parameters for all variants
Add component (AddParameter): Name = "Artikelnummer_DIS"; Value = ""; VariantName = "[No Variations]"
Add component (AddParameter): Name = "Artikelnummer_FA"; Value = ""; VariantName = "[No Variations]"
Add component (AddParameter): Name = "Artikelnummer_HEK"; Value = "1190782"; VariantName = "[No Variations]"
Add component (AddParameter): Name = "Artikelnummer_SAP"; Value = ""; VariantName = "[No Variations]"
Add component (AddParameter): Name = "Bestückung"; Value = ""; VariantName = "[No Variations]"
Add component (AddParameter): Name = "Datum"; Value = "20.03.14"; VariantName = "[No Variations]"
Add component (AddParameter): Name = "HelpURL"; Value = ""; VariantName = "[No Variations]"
Add component (AddParameter): Name = "Info"; Value = ""; VariantName = "[No Variations]"
Add component (AddParameter): Name = "Richtpreis_EURO"; Value = "0.0001"; VariantName = "[No Variations]"
Added Component: Designator=R12(0603)
Add component. Clean all parameters for all variants
Add component (AddParameter): Name = "Artikelnummer_DIS"; Value = ""; VariantName = "[No Variations]"
Add component (AddParameter): Name = "Artikelnummer_FA"; Value = ""; VariantName = "[No Variations]"
Add component (AddParameter): Name = "Artikelnummer_HEK"; Value = "1190782"; VariantName = "[No Variations]"
Add component (AddParameter): Name = "Artikelnummer_SAP"; Value = ""; VariantName = "[No Variations]"
Add component (AddParameter): Name = "Bestückung"; Value = ""; VariantName = "[No Variations]"
Add component (AddParameter): Name = "Datum"; Value = "20.03.14"; VariantName = "[No Variations]"
Add component (AddParameter): Name = "HelpURL"; Value = ""; VariantName = "[No Variations]"
Add component (AddParameter): Name = "Info"; Value = ""; VariantName = "[No Variations]"
Add component (AddParameter): Name = "Richtpreis_EURO"; Value = "0.0001"; VariantName = "[No Variations]"
Added Component: Designator=R13(0603)
Add component. Clean all parameters for all variants
Add component (AddParameter): Name = "Artikelnummer_DIS"; Value = ""; VariantName = "[No Variations]"
Add component (AddParameter): Name = "Artikelnummer_FA"; Value = ""; VariantName = "[No Variations]"
Add component (AddParameter): Name = "Artikelnummer_HEK"; Value = "1190782"; VariantName = "[No Variations]"
Add component (AddParameter): Name = "Artikelnummer_SAP"; Value = ""; VariantName = "[No Variations]"
Add component (AddParameter): Name = "Bestückung"; Value = ""; VariantName = "[No Variations]"
Add component (AddParameter): Name = "Datum"; Value = "20.03.14"; VariantName = "[No Variations]"
Add component (AddParameter): Name = "HelpURL"; Value = ""; VariantName = "[No Variations]"
Add component (AddParameter): Name = "Info"; Value = ""; VariantName = "[No Variations]"
Add component (AddParameter): Name = "Richtpreis_EURO"; Value = "0.0001"; VariantName = "[No Variations]"
Added Component: Designator=R14(0603)
Add component. Clean all parameters for all variants
Add component (AddParameter): Name = "Artikelnummer_DIS"; Value = ""; VariantName = "[No Variations]"
Add component (AddParameter): Name = "Artikelnummer_FA"; Value = ""; VariantName = "[No Variations]"
Add component (AddParameter): Name = "Artikelnummer_HEK"; Value = "1190782"; VariantName = "[No Variations]"
Add component (AddParameter): Name = "Artikelnummer_SAP"; Value = ""; VariantName = "[No Variations]"
Add component (AddParameter): Name = "Bestückung"; Value = ""; VariantName = "[No Variations]"
Add component (AddParameter): Name = "Datum"; Value = "20.03.14"; VariantName = "[No Variations]"
Add component (AddParameter): Name = "HelpURL"; Value = ""; VariantName = "[No Variations]"
Add component (AddParameter): Name = "Info"; Value = ""; VariantName = "[No Variations]"
Add component (AddParameter): Name = "Richtpreis_EURO"; Value = "0.0001"; VariantName = "[No Variations]"
Added Component: Designator=R15(0603)
Add component. Clean all parameters for all variants
Add component (AddParameter): Name = "Artikelnummer_DIS"; Value = ""; VariantName = "[No Variations]"
Add component (AddParameter): Name = "Artikelnummer_FA"; Value = ""; VariantName = "[No Variations]"
Add component (AddParameter): Name = "Artikelnummer_HEK"; Value = "1190782"; VariantName = "[No Variations]"
Add component (AddParameter): Name = "Artikelnummer_SAP"; Value = ""; VariantName = "[No Variations]"
Add component (AddParameter): Name = "Bestückung"; Value = ""; VariantName = "[No Variations]"
Add component (AddParameter): Name = "Datum"; Value = "20.03.14"; VariantName = "[No Variations]"
Add component (AddParameter): Name = "HelpURL"; Value = ""; VariantName = "[No Variations]"
Add component (AddParameter): Name = "Info"; Value = ""; VariantName = "[No Variations]"
Add component (AddParameter): Name = "Richtpreis_EURO"; Value = "0.0001"; VariantName = "[No Variations]"
Added Component: Designator=R16(0603)
Add component. Clean all parameters for all variants
Add component (AddParameter): Name = "Artikelnummer_DIS"; Value = ""; VariantName = "[No Variations]"
Add component (AddParameter): Name = "Artikelnummer_FA"; Value = ""; VariantName = "[No Variations]"
Add component (AddParameter): Name = "Artikelnummer_HEK"; Value = "1190782"; VariantName = "[No Variations]"
Add component (AddParameter): Name = "Artikelnummer_SAP"; Value = ""; VariantName = "[No Variations]"
Add component (AddParameter): Name = "Bestückung"; Value = ""; VariantName = "[No Variations]"
Add component (AddParameter): Name = "Datum"; Value = "20.03.14"; VariantName = "[No Variations]"
Add component (AddParameter): Name = "HelpURL"; Value = ""; VariantName = "[No Variations]"
Add component (AddParameter): Name = "Info"; Value = ""; VariantName = "[No Variations]"
Add component (AddParameter): Name = "Richtpreis_EURO"; Value = "0.0001"; VariantName = "[No Variations]"
Added Component: Designator=R17(0603)
Add component. Clean all parameters for all variants
Add component (AddParameter): Name = "Artikelnummer_DIS"; Value = ""; VariantName = "[No Variations]"
Add component (AddParameter): Name = "Artikelnummer_FA"; Value = ""; VariantName = "[No Variations]"
Add component (AddParameter): Name = "Artikelnummer_HEK"; Value = "1190782"; VariantName = "[No Variations]"
Add component (AddParameter): Name = "Artikelnummer_SAP"; Value = ""; VariantName = "[No Variations]"
Add component (AddParameter): Name = "Bestückung"; Value = ""; VariantName = "[No Variations]"
Add component (AddParameter): Name = "Datum"; Value = "20.03.14"; VariantName = "[No Variations]"
Add component (AddParameter): Name = "HelpURL"; Value = ""; VariantName = "[No Variations]"
Add component (AddParameter): Name = "Info"; Value = ""; VariantName = "[No Variations]"
Add component (AddParameter): Name = "Richtpreis_EURO"; Value = "0.0001"; VariantName = "[No Variations]"
Added Component: Designator=R18(0603)
Add component. Clean all parameters for all variants
Add component (AddParameter): Name = "Artikelnummer_DIS"; Value = ""; VariantName = "[No Variations]"
Add component (AddParameter): Name = "Artikelnummer_FA"; Value = ""; VariantName = "[No Variations]"
Add component (AddParameter): Name = "Artikelnummer_HEK"; Value = "1190782"; VariantName = "[No Variations]"
Add component (AddParameter): Name = "Artikelnummer_SAP"; Value = ""; VariantName = "[No Variations]"
Add component (AddParameter): Name = "Bestückung"; Value = ""; VariantName = "[No Variations]"
Add component (AddParameter): Name = "Datum"; Value = "20.03.14"; VariantName = "[No Variations]"
Add component (AddParameter): Name = "HelpURL"; Value = ""; VariantName = "[No Variations]"
Add component (AddParameter): Name = "Info"; Value = ""; VariantName = "[No Variations]"
Add component (AddParameter): Name = "Richtpreis_EURO"; Value = "0.0001"; VariantName = "[No Variations]"
Added Component: Designator=R19(0603)
Add component. Clean all parameters for all variants
Add component (AddParameter): Name = "Artikelnummer_DIS"; Value = ""; VariantName = "[No Variations]"
Add component (AddParameter): Name = "Artikelnummer_FA"; Value = ""; VariantName = "[No Variations]"
Add component (AddParameter): Name = "Artikelnummer_HEK"; Value = "1190782"; VariantName = "[No Variations]"
Add component (AddParameter): Name = "Artikelnummer_SAP"; Value = ""; VariantName = "[No Variations]"
Add component (AddParameter): Name = "Bestückung"; Value = ""; VariantName = "[No Variations]"
Add component (AddParameter): Name = "Datum"; Value = "20.03.14"; VariantName = "[No Variations]"
Add component (AddParameter): Name = "HelpURL"; Value = ""; VariantName = "[No Variations]"
Add component (AddParameter): Name = "Info"; Value = ""; VariantName = "[No Variations]"
Add component (AddParameter): Name = "Richtpreis_EURO"; Value = "0.0001"; VariantName = "[No Variations]"
Added Component: Designator=R20(0603)
Add component. Clean all parameters for all variants
Add component (AddParameter): Name = "Artikelnummer_DIS"; Value = ""; VariantName = "[No Variations]"
Add component (AddParameter): Name = "Artikelnummer_FA"; Value = ""; VariantName = "[No Variations]"
Add component (AddParameter): Name = "Artikelnummer_HEK"; Value = "1190782"; VariantName = "[No Variations]"
Add component (AddParameter): Name = "Artikelnummer_SAP"; Value = ""; VariantName = "[No Variations]"
Add component (AddParameter): Name = "Bestückung"; Value = ""; VariantName = "[No Variations]"
Add component (AddParameter): Name = "Datum"; Value = "20.03.14"; VariantName = "[No Variations]"
Add component (AddParameter): Name = "HelpURL"; Value = ""; VariantName = "[No Variations]"
Add component (AddParameter): Name = "Info"; Value = ""; VariantName = "[No Variations]"
Add component (AddParameter): Name = "Richtpreis_EURO"; Value = "0.0001"; VariantName = "[No Variations]"
Added Component: Designator=R21(0603)
Add component. Clean all parameters for all variants
Add component (AddParameter): Name = "Artikelnummer_DIS"; Value = ""; VariantName = "[No Variations]"
Add component (AddParameter): Name = "Artikelnummer_FA"; Value = ""; VariantName = "[No Variations]"
Add component (AddParameter): Name = "Artikelnummer_HEK"; Value = "1190782"; VariantName = "[No Variations]"
Add component (AddParameter): Name = "Artikelnummer_SAP"; Value = ""; VariantName = "[No Variations]"
Add component (AddParameter): Name = "Bestückung"; Value = ""; VariantName = "[No Variations]"
Add component (AddParameter): Name = "Datum"; Value = "20.03.14"; VariantName = "[No Variations]"
Add component (AddParameter): Name = "HelpURL"; Value = ""; VariantName = "[No Variations]"
Add component (AddParameter): Name = "Info"; Value = ""; VariantName = "[No Variations]"
Add component (AddParameter): Name = "Richtpreis_EURO"; Value = "0.0001"; VariantName = "[No Variations]"
Added Component: Designator=SW1(Cherry_MX1A-E1NN_0)
Add component. Clean all parameters for all variants
Add component (AddParameter): Name = "Circuit"; Value = "SPST-NO"; VariantName = "[No Variations]"
Add component (AddParameter): Name = "ComponentLink1Description"; Value = "Upverter"; VariantName = "[No Variations]"
Add component (AddParameter): Name = "ComponentLink1URL"; Value = "https://upverter.com/upn/revision/05edf2e9883387c2/"; VariantName = "[No Variations]"
Add component (AddParameter): Name = "ComponentLink2Description"; Value = "Datasheet"; VariantName = "[No Variations]"
Add component (AddParameter): Name = "ComponentLink2URL"; Value = "https://upverter.com/datasheet/a174b925b05052267a652262a41f429ea7a87855.pdf"; VariantName = "[No Variations]"
Add component (AddParameter): Name = "Current"; Value = "10mA AC/DC max. 10µA DC min."; VariantName = "[No Variations]"
Add component (AddParameter): Name = "Digikey Description"; Value = "SWITCH Pushbutton Switch SPST-NO Keyswitch Panel Mount, Front"; VariantName = "[No Variations]"
Add component (AddParameter): Name = "Digikey Part Number"; Value = "CH196-ND"; VariantName = "[No Variations]"
Add component (AddParameter): Name = "helpURL"; Value = "https://upverter.com/upn/revision/05edf2e9883387c2/"; VariantName = "[No Variations]"
Add component (AddParameter): Name = "Lead Free"; Value = "yes"; VariantName = "[No Variations]"
Add component (AddParameter): Name = "Manufacturer"; Value = "Cherry"; VariantName = "[No Variations]"
Add component (AddParameter): Name = "Mouser Part Number"; Value = "540-MX1A-E1NN"; VariantName = "[No Variations]"
Add component (AddParameter): Name = "Package"; Value = "SMT_SW_15MM6_15MM6"; VariantName = "[No Variations]"
Add component (AddParameter): Name = "Part Number"; Value = "MX1A-E1NN"; VariantName = "[No Variations]"
Add component (AddParameter): Name = "Price"; Value = "0.741007758432"; VariantName = "[No Variations]"
Add component (AddParameter): Name = "RoHS"; Value = "TRUE"; VariantName = "[No Variations]"
Add component (AddParameter): Name = "Supplier 1"; Value = "Digi-Key"; VariantName = "[No Variations]"
Add component (AddParameter): Name = "Supplier 2"; Value = "Mouser"; VariantName = "[No Variations]"
Add component (AddParameter): Name = "Supplier Part Number 1"; Value = "CH196-ND"; VariantName = "[No Variations]"
Add component (AddParameter): Name = "Supplier Part Number 2"; Value = "540-MX1A-E1NN"; VariantName = "[No Variations]"
Add component (AddParameter): Name = "Temperature"; Value = "-10°C to +70°C"; VariantName = "[No Variations]"
Add component (AddParameter): Name = "Temperature Range High"; Value = "+70°C"; VariantName = "[No Variations]"
Add component (AddParameter): Name = "Temperature Range Low"; Value = "-10°C"; VariantName = "[No Variations]"
Add component (AddParameter): Name = "Voltage"; Value = "12 VAC/DC max. 2 VDC min."; VariantName = "[No Variations]"
Added Component: Designator=SW2(Cherry_MX1A-E1NN_0)
Add component. Clean all parameters for all variants
Add component (AddParameter): Name = "Circuit"; Value = "SPST-NO"; VariantName = "[No Variations]"
Add component (AddParameter): Name = "ComponentLink1Description"; Value = "Upverter"; VariantName = "[No Variations]"
Add component (AddParameter): Name = "ComponentLink1URL"; Value = "https://upverter.com/upn/revision/05edf2e9883387c2/"; VariantName = "[No Variations]"
Add component (AddParameter): Name = "ComponentLink2Description"; Value = "Datasheet"; VariantName = "[No Variations]"
Add component (AddParameter): Name = "ComponentLink2URL"; Value = "https://upverter.com/datasheet/a174b925b05052267a652262a41f429ea7a87855.pdf"; VariantName = "[No Variations]"
Add component (AddParameter): Name = "Current"; Value = "10mA AC/DC max. 10µA DC min."; VariantName = "[No Variations]"
Add component (AddParameter): Name = "Digikey Description"; Value = "SWITCH Pushbutton Switch SPST-NO Keyswitch Panel Mount, Front"; VariantName = "[No Variations]"
Add component (AddParameter): Name = "Digikey Part Number"; Value = "CH196-ND"; VariantName = "[No Variations]"
Add component (AddParameter): Name = "helpURL"; Value = "https://upverter.com/upn/revision/05edf2e9883387c2/"; VariantName = "[No Variations]"
Add component (AddParameter): Name = "Lead Free"; Value = "yes"; VariantName = "[No Variations]"
Add component (AddParameter): Name = "Manufacturer"; Value = "Cherry"; VariantName = "[No Variations]"
Add component (AddParameter): Name = "Mouser Part Number"; Value = "540-MX1A-E1NN"; VariantName = "[No Variations]"
Add component (AddParameter): Name = "Package"; Value = "SMT_SW_15MM6_15MM6"; VariantName = "[No Variations]"
Add component (AddParameter): Name = "Part Number"; Value = "MX1A-E1NN"; VariantName = "[No Variations]"
Add component (AddParameter): Name = "Price"; Value = "0.741007758432"; VariantName = "[No Variations]"
Add component (AddParameter): Name = "RoHS"; Value = "TRUE"; VariantName = "[No Variations]"
Add component (AddParameter): Name = "Supplier 1"; Value = "Digi-Key"; VariantName = "[No Variations]"
Add component (AddParameter): Name = "Supplier 2"; Value = "Mouser"; VariantName = "[No Variations]"
Add component (AddParameter): Name = "Supplier Part Number 1"; Value = "CH196-ND"; VariantName = "[No Variations]"
Add component (AddParameter): Name = "Supplier Part Number 2"; Value = "540-MX1A-E1NN"; VariantName = "[No Variations]"
Add component (AddParameter): Name = "Temperature"; Value = "-10°C to +70°C"; VariantName = "[No Variations]"
Add component (AddParameter): Name = "Temperature Range High"; Value = "+70°C"; VariantName = "[No Variations]"
Add component (AddParameter): Name = "Temperature Range Low"; Value = "-10°C"; VariantName = "[No Variations]"
Add component (AddParameter): Name = "Voltage"; Value = "12 VAC/DC max. 2 VDC min."; VariantName = "[No Variations]"
Added Component: Designator=SW3(Cherry_MX1A-E1NN_0)
Add component. Clean all parameters for all variants
Add component (AddParameter): Name = "Circuit"; Value = "SPST-NO"; VariantName = "[No Variations]"
Add component (AddParameter): Name = "ComponentLink1Description"; Value = "Upverter"; VariantName = "[No Variations]"
Add component (AddParameter): Name = "ComponentLink1URL"; Value = "https://upverter.com/upn/revision/05edf2e9883387c2/"; VariantName = "[No Variations]"
Add component (AddParameter): Name = "ComponentLink2Description"; Value = "Datasheet"; VariantName = "[No Variations]"
Add component (AddParameter): Name = "ComponentLink2URL"; Value = "https://upverter.com/datasheet/a174b925b05052267a652262a41f429ea7a87855.pdf"; VariantName = "[No Variations]"
Add component (AddParameter): Name = "Current"; Value = "10mA AC/DC max. 10µA DC min."; VariantName = "[No Variations]"
Add component (AddParameter): Name = "Digikey Description"; Value = "SWITCH Pushbutton Switch SPST-NO Keyswitch Panel Mount, Front"; VariantName = "[No Variations]"
Add component (AddParameter): Name = "Digikey Part Number"; Value = "CH196-ND"; VariantName = "[No Variations]"
Add component (AddParameter): Name = "helpURL"; Value = "https://upverter.com/upn/revision/05edf2e9883387c2/"; VariantName = "[No Variations]"
Add component (AddParameter): Name = "Lead Free"; Value = "yes"; VariantName = "[No Variations]"
Add component (AddParameter): Name = "Manufacturer"; Value = "Cherry"; VariantName = "[No Variations]"
Add component (AddParameter): Name = "Mouser Part Number"; Value = "540-MX1A-E1NN"; VariantName = "[No Variations]"
Add component (AddParameter): Name = "Package"; Value = "SMT_SW_15MM6_15MM6"; VariantName = "[No Variations]"
Add component (AddParameter): Name = "Part Number"; Value = "MX1A-E1NN"; VariantName = "[No Variations]"
Add component (AddParameter): Name = "Price"; Value = "0.741007758432"; VariantName = "[No Variations]"
Add component (AddParameter): Name = "RoHS"; Value = "TRUE"; VariantName = "[No Variations]"
Add component (AddParameter): Name = "Supplier 1"; Value = "Digi-Key"; VariantName = "[No Variations]"
Add component (AddParameter): Name = "Supplier 2"; Value = "Mouser"; VariantName = "[No Variations]"
Add component (AddParameter): Name = "Supplier Part Number 1"; Value = "CH196-ND"; VariantName = "[No Variations]"
Add component (AddParameter): Name = "Supplier Part Number 2"; Value = "540-MX1A-E1NN"; VariantName = "[No Variations]"
Add component (AddParameter): Name = "Temperature"; Value = "-10°C to +70°C"; VariantName = "[No Variations]"
Add component (AddParameter): Name = "Temperature Range High"; Value = "+70°C"; VariantName = "[No Variations]"
Add component (AddParameter): Name = "Temperature Range Low"; Value = "-10°C"; VariantName = "[No Variations]"
Add component (AddParameter): Name = "Voltage"; Value = "12 VAC/DC max. 2 VDC min."; VariantName = "[No Variations]"
Added Component: Designator=SW4(Cherry_MX1A-E1NN_0)
Add component. Clean all parameters for all variants
Add component (AddParameter): Name = "Circuit"; Value = "SPST-NO"; VariantName = "[No Variations]"
Add component (AddParameter): Name = "ComponentLink1Description"; Value = "Upverter"; VariantName = "[No Variations]"
Add component (AddParameter): Name = "ComponentLink1URL"; Value = "https://upverter.com/upn/revision/05edf2e9883387c2/"; VariantName = "[No Variations]"
Add component (AddParameter): Name = "ComponentLink2Description"; Value = "Datasheet"; VariantName = "[No Variations]"
Add component (AddParameter): Name = "ComponentLink2URL"; Value = "https://upverter.com/datasheet/a174b925b05052267a652262a41f429ea7a87855.pdf"; VariantName = "[No Variations]"
Add component (AddParameter): Name = "Current"; Value = "10mA AC/DC max. 10µA DC min."; VariantName = "[No Variations]"
Add component (AddParameter): Name = "Digikey Description"; Value = "SWITCH Pushbutton Switch SPST-NO Keyswitch Panel Mount, Front"; VariantName = "[No Variations]"
Add component (AddParameter): Name = "Digikey Part Number"; Value = "CH196-ND"; VariantName = "[No Variations]"
Add component (AddParameter): Name = "helpURL"; Value = "https://upverter.com/upn/revision/05edf2e9883387c2/"; VariantName = "[No Variations]"
Add component (AddParameter): Name = "Lead Free"; Value = "yes"; VariantName = "[No Variations]"
Add component (AddParameter): Name = "Manufacturer"; Value = "Cherry"; VariantName = "[No Variations]"
Add component (AddParameter): Name = "Mouser Part Number"; Value = "540-MX1A-E1NN"; VariantName = "[No Variations]"
Add component (AddParameter): Name = "Package"; Value = "SMT_SW_15MM6_15MM6"; VariantName = "[No Variations]"
Add component (AddParameter): Name = "Part Number"; Value = "MX1A-E1NN"; VariantName = "[No Variations]"
Add component (AddParameter): Name = "Price"; Value = "0.741007758432"; VariantName = "[No Variations]"
Add component (AddParameter): Name = "RoHS"; Value = "TRUE"; VariantName = "[No Variations]"
Add component (AddParameter): Name = "Supplier 1"; Value = "Digi-Key"; VariantName = "[No Variations]"
Add component (AddParameter): Name = "Supplier 2"; Value = "Mouser"; VariantName = "[No Variations]"
Add component (AddParameter): Name = "Supplier Part Number 1"; Value = "CH196-ND"; VariantName = "[No Variations]"
Add component (AddParameter): Name = "Supplier Part Number 2"; Value = "540-MX1A-E1NN"; VariantName = "[No Variations]"
Add component (AddParameter): Name = "Temperature"; Value = "-10°C to +70°C"; VariantName = "[No Variations]"
Add component (AddParameter): Name = "Temperature Range High"; Value = "+70°C"; VariantName = "[No Variations]"
Add component (AddParameter): Name = "Temperature Range Low"; Value = "-10°C"; VariantName = "[No Variations]"
Add component (AddParameter): Name = "Voltage"; Value = "12 VAC/DC max. 2 VDC min."; VariantName = "[No Variations]"
Added Component: Designator=SW5(Cherry_MX1A-E1NN_0)
Add component. Clean all parameters for all variants
Add component (AddParameter): Name = "Circuit"; Value = "SPST-NO"; VariantName = "[No Variations]"
Add component (AddParameter): Name = "ComponentLink1Description"; Value = "Upverter"; VariantName = "[No Variations]"
Add component (AddParameter): Name = "ComponentLink1URL"; Value = "https://upverter.com/upn/revision/05edf2e9883387c2/"; VariantName = "[No Variations]"
Add component (AddParameter): Name = "ComponentLink2Description"; Value = "Datasheet"; VariantName = "[No Variations]"
Add component (AddParameter): Name = "ComponentLink2URL"; Value = "https://upverter.com/datasheet/a174b925b05052267a652262a41f429ea7a87855.pdf"; VariantName = "[No Variations]"
Add component (AddParameter): Name = "Current"; Value = "10mA AC/DC max. 10µA DC min."; VariantName = "[No Variations]"
Add component (AddParameter): Name = "Digikey Description"; Value = "SWITCH Pushbutton Switch SPST-NO Keyswitch Panel Mount, Front"; VariantName = "[No Variations]"
Add component (AddParameter): Name = "Digikey Part Number"; Value = "CH196-ND"; VariantName = "[No Variations]"
Add component (AddParameter): Name = "helpURL"; Value = "https://upverter.com/upn/revision/05edf2e9883387c2/"; VariantName = "[No Variations]"
Add component (AddParameter): Name = "Lead Free"; Value = "yes"; VariantName = "[No Variations]"
Add component (AddParameter): Name = "Manufacturer"; Value = "Cherry"; VariantName = "[No Variations]"
Add component (AddParameter): Name = "Mouser Part Number"; Value = "540-MX1A-E1NN"; VariantName = "[No Variations]"
Add component (AddParameter): Name = "Package"; Value = "SMT_SW_15MM6_15MM6"; VariantName = "[No Variations]"
Add component (AddParameter): Name = "Part Number"; Value = "MX1A-E1NN"; VariantName = "[No Variations]"
Add component (AddParameter): Name = "Price"; Value = "0.741007758432"; VariantName = "[No Variations]"
Add component (AddParameter): Name = "RoHS"; Value = "TRUE"; VariantName = "[No Variations]"
Add component (AddParameter): Name = "Supplier 1"; Value = "Digi-Key"; VariantName = "[No Variations]"
Add component (AddParameter): Name = "Supplier 2"; Value = "Mouser"; VariantName = "[No Variations]"
Add component (AddParameter): Name = "Supplier Part Number 1"; Value = "CH196-ND"; VariantName = "[No Variations]"
Add component (AddParameter): Name = "Supplier Part Number 2"; Value = "540-MX1A-E1NN"; VariantName = "[No Variations]"
Add component (AddParameter): Name = "Temperature"; Value = "-10°C to +70°C"; VariantName = "[No Variations]"
Add component (AddParameter): Name = "Temperature Range High"; Value = "+70°C"; VariantName = "[No Variations]"
Add component (AddParameter): Name = "Temperature Range Low"; Value = "-10°C"; VariantName = "[No Variations]"
Add component (AddParameter): Name = "Voltage"; Value = "12 VAC/DC max. 2 VDC min."; VariantName = "[No Variations]"
Added Component: Designator=SW6(Cherry_MX1A-E1NN_0)
Add component. Clean all parameters for all variants
Add component (AddParameter): Name = "Circuit"; Value = "SPST-NO"; VariantName = "[No Variations]"
Add component (AddParameter): Name = "ComponentLink1Description"; Value = "Upverter"; VariantName = "[No Variations]"
Add component (AddParameter): Name = "ComponentLink1URL"; Value = "https://upverter.com/upn/revision/05edf2e9883387c2/"; VariantName = "[No Variations]"
Add component (AddParameter): Name = "ComponentLink2Description"; Value = "Datasheet"; VariantName = "[No Variations]"
Add component (AddParameter): Name = "ComponentLink2URL"; Value = "https://upverter.com/datasheet/a174b925b05052267a652262a41f429ea7a87855.pdf"; VariantName = "[No Variations]"
Add component (AddParameter): Name = "Current"; Value = "10mA AC/DC max. 10µA DC min."; VariantName = "[No Variations]"
Add component (AddParameter): Name = "Digikey Description"; Value = "SWITCH Pushbutton Switch SPST-NO Keyswitch Panel Mount, Front"; VariantName = "[No Variations]"
Add component (AddParameter): Name = "Digikey Part Number"; Value = "CH196-ND"; VariantName = "[No Variations]"
Add component (AddParameter): Name = "helpURL"; Value = "https://upverter.com/upn/revision/05edf2e9883387c2/"; VariantName = "[No Variations]"
Add component (AddParameter): Name = "Lead Free"; Value = "yes"; VariantName = "[No Variations]"
Add component (AddParameter): Name = "Manufacturer"; Value = "Cherry"; VariantName = "[No Variations]"
Add component (AddParameter): Name = "Mouser Part Number"; Value = "540-MX1A-E1NN"; VariantName = "[No Variations]"
Add component (AddParameter): Name = "Package"; Value = "SMT_SW_15MM6_15MM6"; VariantName = "[No Variations]"
Add component (AddParameter): Name = "Part Number"; Value = "MX1A-E1NN"; VariantName = "[No Variations]"
Add component (AddParameter): Name = "Price"; Value = "0.741007758432"; VariantName = "[No Variations]"
Add component (AddParameter): Name = "RoHS"; Value = "TRUE"; VariantName = "[No Variations]"
Add component (AddParameter): Name = "Supplier 1"; Value = "Digi-Key"; VariantName = "[No Variations]"
Add component (AddParameter): Name = "Supplier 2"; Value = "Mouser"; VariantName = "[No Variations]"
Add component (AddParameter): Name = "Supplier Part Number 1"; Value = "CH196-ND"; VariantName = "[No Variations]"
Add component (AddParameter): Name = "Supplier Part Number 2"; Value = "540-MX1A-E1NN"; VariantName = "[No Variations]"
Add component (AddParameter): Name = "Temperature"; Value = "-10°C to +70°C"; VariantName = "[No Variations]"
Add component (AddParameter): Name = "Temperature Range High"; Value = "+70°C"; VariantName = "[No Variations]"
Add component (AddParameter): Name = "Temperature Range Low"; Value = "-10°C"; VariantName = "[No Variations]"
Add component (AddParameter): Name = "Voltage"; Value = "12 VAC/DC max. 2 VDC min."; VariantName = "[No Variations]"
Added Component: Designator=SW7(Cherry_MX1A-E1NN_0)
Add component. Clean all parameters for all variants
Add component (AddParameter): Name = "Circuit"; Value = "SPST-NO"; VariantName = "[No Variations]"
Add component (AddParameter): Name = "ComponentLink1Description"; Value = "Upverter"; VariantName = "[No Variations]"
Add component (AddParameter): Name = "ComponentLink1URL"; Value = "https://upverter.com/upn/revision/05edf2e9883387c2/"; VariantName = "[No Variations]"
Add component (AddParameter): Name = "ComponentLink2Description"; Value = "Datasheet"; VariantName = "[No Variations]"
Add component (AddParameter): Name = "ComponentLink2URL"; Value = "https://upverter.com/datasheet/a174b925b05052267a652262a41f429ea7a87855.pdf"; VariantName = "[No Variations]"
Add component (AddParameter): Name = "Current"; Value = "10mA AC/DC max. 10µA DC min."; VariantName = "[No Variations]"
Add component (AddParameter): Name = "Digikey Description"; Value = "SWITCH Pushbutton Switch SPST-NO Keyswitch Panel Mount, Front"; VariantName = "[No Variations]"
Add component (AddParameter): Name = "Digikey Part Number"; Value = "CH196-ND"; VariantName = "[No Variations]"
Add component (AddParameter): Name = "helpURL"; Value = "https://upverter.com/upn/revision/05edf2e9883387c2/"; VariantName = "[No Variations]"
Add component (AddParameter): Name = "Lead Free"; Value = "yes"; VariantName = "[No Variations]"
Add component (AddParameter): Name = "Manufacturer"; Value = "Cherry"; VariantName = "[No Variations]"
Add component (AddParameter): Name = "Mouser Part Number"; Value = "540-MX1A-E1NN"; VariantName = "[No Variations]"
Add component (AddParameter): Name = "Package"; Value = "SMT_SW_15MM6_15MM6"; VariantName = "[No Variations]"
Add component (AddParameter): Name = "Part Number"; Value = "MX1A-E1NN"; VariantName = "[No Variations]"
Add component (AddParameter): Name = "Price"; Value = "0.741007758432"; VariantName = "[No Variations]"
Add component (AddParameter): Name = "RoHS"; Value = "TRUE"; VariantName = "[No Variations]"
Add component (AddParameter): Name = "Supplier 1"; Value = "Digi-Key"; VariantName = "[No Variations]"
Add component (AddParameter): Name = "Supplier 2"; Value = "Mouser"; VariantName = "[No Variations]"
Add component (AddParameter): Name = "Supplier Part Number 1"; Value = "CH196-ND"; VariantName = "[No Variations]"
Add component (AddParameter): Name = "Supplier Part Number 2"; Value = "540-MX1A-E1NN"; VariantName = "[No Variations]"
Add component (AddParameter): Name = "Temperature"; Value = "-10°C to +70°C"; VariantName = "[No Variations]"
Add component (AddParameter): Name = "Temperature Range High"; Value = "+70°C"; VariantName = "[No Variations]"
Add component (AddParameter): Name = "Temperature Range Low"; Value = "-10°C"; VariantName = "[No Variations]"
Add component (AddParameter): Name = "Voltage"; Value = "12 VAC/DC max. 2 VDC min."; VariantName = "[No Variations]"
Added Component: Designator=SW8(Cherry_MX1A-E1NN_0)
Add component. Clean all parameters for all variants
Add component (AddParameter): Name = "Circuit"; Value = "SPST-NO"; VariantName = "[No Variations]"
Add component (AddParameter): Name = "ComponentLink1Description"; Value = "Upverter"; VariantName = "[No Variations]"
Add component (AddParameter): Name = "ComponentLink1URL"; Value = "https://upverter.com/upn/revision/05edf2e9883387c2/"; VariantName = "[No Variations]"
Add component (AddParameter): Name = "ComponentLink2Description"; Value = "Datasheet"; VariantName = "[No Variations]"
Add component (AddParameter): Name = "ComponentLink2URL"; Value = "https://upverter.com/datasheet/a174b925b05052267a652262a41f429ea7a87855.pdf"; VariantName = "[No Variations]"
Add component (AddParameter): Name = "Current"; Value = "10mA AC/DC max. 10µA DC min."; VariantName = "[No Variations]"
Add component (AddParameter): Name = "Digikey Description"; Value = "SWITCH Pushbutton Switch SPST-NO Keyswitch Panel Mount, Front"; VariantName = "[No Variations]"
Add component (AddParameter): Name = "Digikey Part Number"; Value = "CH196-ND"; VariantName = "[No Variations]"
Add component (AddParameter): Name = "helpURL"; Value = "https://upverter.com/upn/revision/05edf2e9883387c2/"; VariantName = "[No Variations]"
Add component (AddParameter): Name = "Lead Free"; Value = "yes"; VariantName = "[No Variations]"
Add component (AddParameter): Name = "Manufacturer"; Value = "Cherry"; VariantName = "[No Variations]"
Add component (AddParameter): Name = "Mouser Part Number"; Value = "540-MX1A-E1NN"; VariantName = "[No Variations]"
Add component (AddParameter): Name = "Package"; Value = "SMT_SW_15MM6_15MM6"; VariantName = "[No Variations]"
Add component (AddParameter): Name = "Part Number"; Value = "MX1A-E1NN"; VariantName = "[No Variations]"
Add component (AddParameter): Name = "Price"; Value = "0.741007758432"; VariantName = "[No Variations]"
Add component (AddParameter): Name = "RoHS"; Value = "TRUE"; VariantName = "[No Variations]"
Add component (AddParameter): Name = "Supplier 1"; Value = "Digi-Key"; VariantName = "[No Variations]"
Add component (AddParameter): Name = "Supplier 2"; Value = "Mouser"; VariantName = "[No Variations]"
Add component (AddParameter): Name = "Supplier Part Number 1"; Value = "CH196-ND"; VariantName = "[No Variations]"
Add component (AddParameter): Name = "Supplier Part Number 2"; Value = "540-MX1A-E1NN"; VariantName = "[No Variations]"
Add component (AddParameter): Name = "Temperature"; Value = "-10°C to +70°C"; VariantName = "[No Variations]"
Add component (AddParameter): Name = "Temperature Range High"; Value = "+70°C"; VariantName = "[No Variations]"
Add component (AddParameter): Name = "Temperature Range Low"; Value = "-10°C"; VariantName = "[No Variations]"
Add component (AddParameter): Name = "Voltage"; Value = "12 VAC/DC max. 2 VDC min."; VariantName = "[No Variations]"
Added Component: Designator=SW9(Cherry_MX1A-E1NN_0)
Add component. Clean all parameters for all variants
Add component (AddParameter): Name = "Circuit"; Value = "SPST-NO"; VariantName = "[No Variations]"
Add component (AddParameter): Name = "ComponentLink1Description"; Value = "Upverter"; VariantName = "[No Variations]"
Add component (AddParameter): Name = "ComponentLink1URL"; Value = "https://upverter.com/upn/revision/05edf2e9883387c2/"; VariantName = "[No Variations]"
Add component (AddParameter): Name = "ComponentLink2Description"; Value = "Datasheet"; VariantName = "[No Variations]"
Add component (AddParameter): Name = "ComponentLink2URL"; Value = "https://upverter.com/datasheet/a174b925b05052267a652262a41f429ea7a87855.pdf"; VariantName = "[No Variations]"
Add component (AddParameter): Name = "Current"; Value = "10mA AC/DC max. 10µA DC min."; VariantName = "[No Variations]"
Add component (AddParameter): Name = "Digikey Description"; Value = "SWITCH Pushbutton Switch SPST-NO Keyswitch Panel Mount, Front"; VariantName = "[No Variations]"
Add component (AddParameter): Name = "Digikey Part Number"; Value = "CH196-ND"; VariantName = "[No Variations]"
Add component (AddParameter): Name = "helpURL"; Value = "https://upverter.com/upn/revision/05edf2e9883387c2/"; VariantName = "[No Variations]"
Add component (AddParameter): Name = "Lead Free"; Value = "yes"; VariantName = "[No Variations]"
Add component (AddParameter): Name = "Manufacturer"; Value = "Cherry"; VariantName = "[No Variations]"
Add component (AddParameter): Name = "Mouser Part Number"; Value = "540-MX1A-E1NN"; VariantName = "[No Variations]"
Add component (AddParameter): Name = "Package"; Value = "SMT_SW_15MM6_15MM6"; VariantName = "[No Variations]"
Add component (AddParameter): Name = "Part Number"; Value = "MX1A-E1NN"; VariantName = "[No Variations]"
Add component (AddParameter): Name = "Price"; Value = "0.741007758432"; VariantName = "[No Variations]"
Add component (AddParameter): Name = "RoHS"; Value = "TRUE"; VariantName = "[No Variations]"
Add component (AddParameter): Name = "Supplier 1"; Value = "Digi-Key"; VariantName = "[No Variations]"
Add component (AddParameter): Name = "Supplier 2"; Value = "Mouser"; VariantName = "[No Variations]"
Add component (AddParameter): Name = "Supplier Part Number 1"; Value = "CH196-ND"; VariantName = "[No Variations]"
Add component (AddParameter): Name = "Supplier Part Number 2"; Value = "540-MX1A-E1NN"; VariantName = "[No Variations]"
Add component (AddParameter): Name = "Temperature"; Value = "-10°C to +70°C"; VariantName = "[No Variations]"
Add component (AddParameter): Name = "Temperature Range High"; Value = "+70°C"; VariantName = "[No Variations]"
Add component (AddParameter): Name = "Temperature Range Low"; Value = "-10°C"; VariantName = "[No Variations]"
Add component (AddParameter): Name = "Voltage"; Value = "12 VAC/DC max. 2 VDC min."; VariantName = "[No Variations]"
Added Component: Designator=SW10(Cherry_MX1A-E1NN_0)
Add component. Clean all parameters for all variants
Add component (AddParameter): Name = "Circuit"; Value = "SPST-NO"; VariantName = "[No Variations]"
Add component (AddParameter): Name = "ComponentLink1Description"; Value = "Upverter"; VariantName = "[No Variations]"
Add component (AddParameter): Name = "ComponentLink1URL"; Value = "https://upverter.com/upn/revision/05edf2e9883387c2/"; VariantName = "[No Variations]"
Add component (AddParameter): Name = "ComponentLink2Description"; Value = "Datasheet"; VariantName = "[No Variations]"
Add component (AddParameter): Name = "ComponentLink2URL"; Value = "https://upverter.com/datasheet/a174b925b05052267a652262a41f429ea7a87855.pdf"; VariantName = "[No Variations]"
Add component (AddParameter): Name = "Current"; Value = "10mA AC/DC max. 10µA DC min."; VariantName = "[No Variations]"
Add component (AddParameter): Name = "Digikey Description"; Value = "SWITCH Pushbutton Switch SPST-NO Keyswitch Panel Mount, Front"; VariantName = "[No Variations]"
Add component (AddParameter): Name = "Digikey Part Number"; Value = "CH196-ND"; VariantName = "[No Variations]"
Add component (AddParameter): Name = "helpURL"; Value = "https://upverter.com/upn/revision/05edf2e9883387c2/"; VariantName = "[No Variations]"
Add component (AddParameter): Name = "Lead Free"; Value = "yes"; VariantName = "[No Variations]"
Add component (AddParameter): Name = "Manufacturer"; Value = "Cherry"; VariantName = "[No Variations]"
Add component (AddParameter): Name = "Mouser Part Number"; Value = "540-MX1A-E1NN"; VariantName = "[No Variations]"
Add component (AddParameter): Name = "Package"; Value = "SMT_SW_15MM6_15MM6"; VariantName = "[No Variations]"
Add component (AddParameter): Name = "Part Number"; Value = "MX1A-E1NN"; VariantName = "[No Variations]"
Add component (AddParameter): Name = "Price"; Value = "0.741007758432"; VariantName = "[No Variations]"
Add component (AddParameter): Name = "RoHS"; Value = "TRUE"; VariantName = "[No Variations]"
Add component (AddParameter): Name = "Supplier 1"; Value = "Digi-Key"; VariantName = "[No Variations]"
Add component (AddParameter): Name = "Supplier 2"; Value = "Mouser"; VariantName = "[No Variations]"
Add component (AddParameter): Name = "Supplier Part Number 1"; Value = "CH196-ND"; VariantName = "[No Variations]"
Add component (AddParameter): Name = "Supplier Part Number 2"; Value = "540-MX1A-E1NN"; VariantName = "[No Variations]"
Add component (AddParameter): Name = "Temperature"; Value = "-10°C to +70°C"; VariantName = "[No Variations]"
Add component (AddParameter): Name = "Temperature Range High"; Value = "+70°C"; VariantName = "[No Variations]"
Add component (AddParameter): Name = "Temperature Range Low"; Value = "-10°C"; VariantName = "[No Variations]"
Add component (AddParameter): Name = "Voltage"; Value = "12 VAC/DC max. 2 VDC min."; VariantName = "[No Variations]"
Added Component: Designator=SW11(Cherry_MX1A-E1NN_0)
Add component. Clean all parameters for all variants
Add component (AddParameter): Name = "Circuit"; Value = "SPST-NO"; VariantName = "[No Variations]"
Add component (AddParameter): Name = "ComponentLink1Description"; Value = "Upverter"; VariantName = "[No Variations]"
Add component (AddParameter): Name = "ComponentLink1URL"; Value = "https://upverter.com/upn/revision/05edf2e9883387c2/"; VariantName = "[No Variations]"
Add component (AddParameter): Name = "ComponentLink2Description"; Value = "Datasheet"; VariantName = "[No Variations]"
Add component (AddParameter): Name = "ComponentLink2URL"; Value = "https://upverter.com/datasheet/a174b925b05052267a652262a41f429ea7a87855.pdf"; VariantName = "[No Variations]"
Add component (AddParameter): Name = "Current"; Value = "10mA AC/DC max. 10µA DC min."; VariantName = "[No Variations]"
Add component (AddParameter): Name = "Digikey Description"; Value = "SWITCH Pushbutton Switch SPST-NO Keyswitch Panel Mount, Front"; VariantName = "[No Variations]"
Add component (AddParameter): Name = "Digikey Part Number"; Value = "CH196-ND"; VariantName = "[No Variations]"
Add component (AddParameter): Name = "helpURL"; Value = "https://upverter.com/upn/revision/05edf2e9883387c2/"; VariantName = "[No Variations]"
Add component (AddParameter): Name = "Lead Free"; Value = "yes"; VariantName = "[No Variations]"
Add component (AddParameter): Name = "Manufacturer"; Value = "Cherry"; VariantName = "[No Variations]"
Add component (AddParameter): Name = "Mouser Part Number"; Value = "540-MX1A-E1NN"; VariantName = "[No Variations]"
Add component (AddParameter): Name = "Package"; Value = "SMT_SW_15MM6_15MM6"; VariantName = "[No Variations]"
Add component (AddParameter): Name = "Part Number"; Value = "MX1A-E1NN"; VariantName = "[No Variations]"
Add component (AddParameter): Name = "Price"; Value = "0.741007758432"; VariantName = "[No Variations]"
Add component (AddParameter): Name = "RoHS"; Value = "TRUE"; VariantName = "[No Variations]"
Add component (AddParameter): Name = "Supplier 1"; Value = "Digi-Key"; VariantName = "[No Variations]"
Add component (AddParameter): Name = "Supplier 2"; Value = "Mouser"; VariantName = "[No Variations]"
Add component (AddParameter): Name = "Supplier Part Number 1"; Value = "CH196-ND"; VariantName = "[No Variations]"
Add component (AddParameter): Name = "Supplier Part Number 2"; Value = "540-MX1A-E1NN"; VariantName = "[No Variations]"
Add component (AddParameter): Name = "Temperature"; Value = "-10°C to +70°C"; VariantName = "[No Variations]"
Add component (AddParameter): Name = "Temperature Range High"; Value = "+70°C"; VariantName = "[No Variations]"
Add component (AddParameter): Name = "Temperature Range Low"; Value = "-10°C"; VariantName = "[No Variations]"
Add component (AddParameter): Name = "Voltage"; Value = "12 VAC/DC max. 2 VDC min."; VariantName = "[No Variations]"
Added Component: Designator=SW12(Cherry_MX1A-E1NN_0)
Add component. Clean all parameters for all variants
Add component (AddParameter): Name = "Circuit"; Value = "SPST-NO"; VariantName = "[No Variations]"
Add component (AddParameter): Name = "ComponentLink1Description"; Value = "Upverter"; VariantName = "[No Variations]"
Add component (AddParameter): Name = "ComponentLink1URL"; Value = "https://upverter.com/upn/revision/05edf2e9883387c2/"; VariantName = "[No Variations]"
Add component (AddParameter): Name = "ComponentLink2Description"; Value = "Datasheet"; VariantName = "[No Variations]"
Add component (AddParameter): Name = "ComponentLink2URL"; Value = "https://upverter.com/datasheet/a174b925b05052267a652262a41f429ea7a87855.pdf"; VariantName = "[No Variations]"
Add component (AddParameter): Name = "Current"; Value = "10mA AC/DC max. 10µA DC min."; VariantName = "[No Variations]"
Add component (AddParameter): Name = "Digikey Description"; Value = "SWITCH Pushbutton Switch SPST-NO Keyswitch Panel Mount, Front"; VariantName = "[No Variations]"
Add component (AddParameter): Name = "Digikey Part Number"; Value = "CH196-ND"; VariantName = "[No Variations]"
Add component (AddParameter): Name = "helpURL"; Value = "https://upverter.com/upn/revision/05edf2e9883387c2/"; VariantName = "[No Variations]"
Add component (AddParameter): Name = "Lead Free"; Value = "yes"; VariantName = "[No Variations]"
Add component (AddParameter): Name = "Manufacturer"; Value = "Cherry"; VariantName = "[No Variations]"
Add component (AddParameter): Name = "Mouser Part Number"; Value = "540-MX1A-E1NN"; VariantName = "[No Variations]"
Add component (AddParameter): Name = "Package"; Value = "SMT_SW_15MM6_15MM6"; VariantName = "[No Variations]"
Add component (AddParameter): Name = "Part Number"; Value = "MX1A-E1NN"; VariantName = "[No Variations]"
Add component (AddParameter): Name = "Price"; Value = "0.741007758432"; VariantName = "[No Variations]"
Add component (AddParameter): Name = "RoHS"; Value = "TRUE"; VariantName = "[No Variations]"
Add component (AddParameter): Name = "Supplier 1"; Value = "Digi-Key"; VariantName = "[No Variations]"
Add component (AddParameter): Name = "Supplier 2"; Value = "Mouser"; VariantName = "[No Variations]"
Add component (AddParameter): Name = "Supplier Part Number 1"; Value = "CH196-ND"; VariantName = "[No Variations]"
Add component (AddParameter): Name = "Supplier Part Number 2"; Value = "540-MX1A-E1NN"; VariantName = "[No Variations]"
Add component (AddParameter): Name = "Temperature"; Value = "-10°C to +70°C"; VariantName = "[No Variations]"
Add component (AddParameter): Name = "Temperature Range High"; Value = "+70°C"; VariantName = "[No Variations]"
Add component (AddParameter): Name = "Temperature Range Low"; Value = "-10°C"; VariantName = "[No Variations]"
Add component (AddParameter): Name = "Voltage"; Value = "12 VAC/DC max. 2 VDC min."; VariantName = "[No Variations]"
Added Component: Designator=X1(Quartz)
Add component. Clean all parameters for all variants
Added Pin To Net: NetName=GND Pin=C1-1
Added Pin To Net: NetName=+VUSB Pin=C1-2
Added Pin To Net: NetName=GND Pin=C2-1
Added Pin To Net: NetName=+3V3 Pin=C2-2
Added Pin To Net: NetName=GND Pin=C3-1
Added Pin To Net: NetName=NetC3_2 Pin=C3-2
Added Pin To Net: NetName=GND Pin=C4-1
Added Pin To Net: NetName=+3V3 Pin=C4-2
Added Pin To Net: NetName=GND Pin=C5-1
Added Pin To Net: NetName=+3V3 Pin=C5-2
Added Pin To Net: NetName=GND Pin=C6-1
Added Pin To Net: NetName=+3V3 Pin=C6-2
Added Pin To Net: NetName=NetC7_1 Pin=C7-1
Added Pin To Net: NetName=GND Pin=C7-2
Added Pin To Net: NetName=GND Pin=C8-1
Added Pin To Net: NetName=+3V3 Pin=C8-2
Added Pin To Net: NetName=GND Pin=IC1-1
Added Pin To Net: NetName=+3V3 Pin=IC1-2
Added Pin To Net: NetName=+VUSB Pin=IC1-3
Added Pin To Net: NetName=+3V3 Pin=IC2-1
Added Pin To Net: NetName=NetIC2_2 Pin=IC2-2
Added Pin To Net: NetName=NetC3_2 Pin=IC2-4
Added Pin To Net: NetName=+3V3 Pin=IC2-5
Added Pin To Net: NetName=SW0 Pin=IC2-6
Added Pin To Net: NetName=SW1 Pin=IC2-7
Added Pin To Net: NetName=SW2 Pin=IC2-8
Added Pin To Net: NetName=SW3 Pin=IC2-9
Added Pin To Net: NetName=SW4 Pin=IC2-10
Added Pin To Net: NetName=SW5 Pin=IC2-11
Added Pin To Net: NetName=SW6 Pin=IC2-12
Added Pin To Net: NetName=SW7 Pin=IC2-13
Added Pin To Net: NetName=GND Pin=IC2-16
Added Pin To Net: NetName=+3V3 Pin=IC2-17
Added Pin To Net: NetName=SW8 Pin=IC2-18
Added Pin To Net: NetName=SW9 Pin=IC2-19
Added Pin To Net: NetName=SW10 Pin=IC2-20
Added Pin To Net: NetName=NetIC2_21 Pin=IC2-21
Added Pin To Net: NetName=NetIC2_22 Pin=IC2-22
Added Pin To Net: NetName=NetIC2_23 Pin=IC2-23
Added Pin To Net: NetName=NetIC2_24 Pin=IC2-24
Added Pin To Net: NetName=SW11 Pin=IC2-25
Added Pin To Net: NetName=NetIC2_31 Pin=IC2-31
Added Pin To Net: NetName=GND Pin=IC2-32
Added Pin To Net: NetName=NetIC3_1 Pin=IC3-1
Added Pin To Net: NetName=GND Pin=IC3-2
Added Pin To Net: NetName=NetIC3_3 Pin=IC3-3
Added Pin To Net: NetName=NetIC3_4 Pin=IC3-4
Added Pin To Net: NetName=+VUSB Pin=IC3-5
Added Pin To Net: NetName=NetIC3_6 Pin=IC3-6
Added Pin To Net: NetName=+VUSB Pin=L1-1
Added Pin To Net: NetName=NetC7_1 Pin=L1-2
Added Pin To Net: NetName=+3V3 Pin=P1-1
Added Pin To Net: NetName=NetIC2_24 Pin=P1-2
Added Pin To Net: NetName=GND Pin=P1-3
Added Pin To Net: NetName=NetIC2_23 Pin=P1-4
Added Pin To Net: NetName=NetC3_2 Pin=P1-5
Added Pin To Net: NetName=NetP2_1 Pin=P2-1
Added Pin To Net: NetName=+VUSB Pin=P2-2
Added Pin To Net: NetName=GND Pin=P3-A1/B12
Added Pin To Net: NetName=NetC7_1 Pin=P3-A4/B9
Added Pin To Net: NetName=NetP3_A5 Pin=P3-A5
Added Pin To Net: NetName=NetIC3_6 Pin=P3-A6
Added Pin To Net: NetName=NetIC3_4 Pin=P3-A7
Added Pin To Net: NetName=GND Pin=P3-B1/A12
Added Pin To Net: NetName=NetC7_1 Pin=P3-B4/A9
Added Pin To Net: NetName=NetP3_A5 Pin=P3-B5
Added Pin To Net: NetName=NetIC3_6 Pin=P3-B6
Added Pin To Net: NetName=NetIC3_4 Pin=P3-B7
Added Pin To Net: NetName=NetC3_2 Pin=R1-1
Added Pin To Net: NetName=+3V3 Pin=R1-2
Added Pin To Net: NetName=NetIC2_23 Pin=R2-1
Added Pin To Net: NetName=+3V3 Pin=R2-2
Added Pin To Net: NetName=NetIC2_31 Pin=R3-1
Added Pin To Net: NetName=NetP2_1 Pin=R3-2
Added Pin To Net: NetName=GND Pin=R4-1
Added Pin To Net: NetName=NetIC2_31 Pin=R4-2
Added Pin To Net: NetName=GND Pin=R5-1
Added Pin To Net: NetName=NetIC2_24 Pin=R5-2
Added Pin To Net: NetName=+3V3 Pin=R6-1
Added Pin To Net: NetName=NetIC2_22 Pin=R6-2
Added Pin To Net: NetName=NetIC2_22 Pin=R7-1
Added Pin To Net: NetName=NetIC3_1 Pin=R7-2
Added Pin To Net: NetName=NetIC2_21 Pin=R8-1
Added Pin To Net: NetName=NetIC3_3 Pin=R8-2
Added Pin To Net: NetName=GND Pin=R9-1
Added Pin To Net: NetName=NetP3_A5 Pin=R9-2
Added Pin To Net: NetName=SW0 Pin=R10-1
Added Pin To Net: NetName=GND Pin=R10-2
Added Pin To Net: NetName=SW1 Pin=R11-1
Added Pin To Net: NetName=GND Pin=R11-2
Added Pin To Net: NetName=SW2 Pin=R12-1
Added Pin To Net: NetName=GND Pin=R12-2
Added Pin To Net: NetName=SW3 Pin=R13-1
Added Pin To Net: NetName=GND Pin=R13-2
Added Pin To Net: NetName=SW4 Pin=R14-1
Added Pin To Net: NetName=GND Pin=R14-2
Added Pin To Net: NetName=SW5 Pin=R15-1
Added Pin To Net: NetName=GND Pin=R15-2
Added Pin To Net: NetName=SW6 Pin=R16-1
Added Pin To Net: NetName=GND Pin=R16-2
Added Pin To Net: NetName=SW7 Pin=R17-1
Added Pin To Net: NetName=GND Pin=R17-2
Added Pin To Net: NetName=SW8 Pin=R18-1
Added Pin To Net: NetName=GND Pin=R18-2
Added Pin To Net: NetName=SW9 Pin=R19-1
Added Pin To Net: NetName=GND Pin=R19-2
Added Pin To Net: NetName=SW10 Pin=R20-1
Added Pin To Net: NetName=GND Pin=R20-2
Added Pin To Net: NetName=SW11 Pin=R21-1
Added Pin To Net: NetName=GND Pin=R21-2
Added Pin To Net: NetName=SW0 Pin=SW1-1
Added Pin To Net: NetName=+3V3 Pin=SW1-2
Added Pin To Net: NetName=SW1 Pin=SW2-1
Added Pin To Net: NetName=+3V3 Pin=SW2-2
Added Pin To Net: NetName=SW2 Pin=SW3-1
Added Pin To Net: NetName=+3V3 Pin=SW3-2
Added Pin To Net: NetName=SW3 Pin=SW4-1
Added Pin To Net: NetName=+3V3 Pin=SW4-2
Added Pin To Net: NetName=SW4 Pin=SW5-1
Added Pin To Net: NetName=+3V3 Pin=SW5-2
Added Pin To Net: NetName=SW5 Pin=SW6-1
Added Pin To Net: NetName=+3V3 Pin=SW6-2
Added Pin To Net: NetName=SW6 Pin=SW7-1
Added Pin To Net: NetName=+3V3 Pin=SW7-2
Added Pin To Net: NetName=SW7 Pin=SW8-1
Added Pin To Net: NetName=+3V3 Pin=SW8-2
Added Pin To Net: NetName=SW8 Pin=SW9-1
Added Pin To Net: NetName=+3V3 Pin=SW9-2
Added Pin To Net: NetName=SW9 Pin=SW10-1
Added Pin To Net: NetName=+3V3 Pin=SW10-2
Added Pin To Net: NetName=SW10 Pin=SW11-1
Added Pin To Net: NetName=+3V3 Pin=SW11-2
Added Pin To Net: NetName=SW11 Pin=SW12-1
Added Pin To Net: NetName=+3V3 Pin=SW12-2
Added Pin To Net: NetName=NetIC2_2 Pin=X1-1
Added Pin To Net: NetName=GND Pin=X1-2
Added Pin To Net: NetName=+3V3 Pin=X1-3
Added Pin To Net: NetName=+3V3 Pin=X1-4
Added Member To Class: ClassName=hot_board Member=Component C1 1uF/25V
Added Member To Class: ClassName=hot_board Member=Component C2 1uF/25V
Added Member To Class: ClassName=hot_board Member=Component C3 100nF/50V
Added Member To Class: ClassName=hot_board Member=Component C4 100nF/50V
Added Member To Class: ClassName=hot_board Member=Component C5 100nF/50V
Added Member To Class: ClassName=hot_board Member=Component C6 100nF/50V
Added Member To Class: ClassName=hot_board Member=Component C7 1uF/25V
Added Member To Class: ClassName=hot_board Member=Component C8 100nF/50V
Added Member To Class: ClassName=hot_board Member=Component IC1 AP2138N-3.3
Added Member To Class: ClassName=hot_board Member=Component IC2 STM32L412KBT6
Added Member To Class: ClassName=hot_board Member=Component IC3 USBLC6-2SC6
Added Member To Class: ClassName=hot_board Member=Component L1 EMI-Filter 600R 0.5A 0603
Added Member To Class: ClassName=hot_board Member=Component P1 1x5Pol. Header
Added Member To Class: ClassName=hot_board Member=Component P2 Jumper
Added Member To Class: ClassName=hot_board Member=Component P3 USB4105-GF-A
Added Member To Class: ClassName=hot_board Member=Component R1 47K
Added Member To Class: ClassName=hot_board Member=Component R2 100K
Added Member To Class: ClassName=hot_board Member=Component R3 51K
Added Member To Class: ClassName=hot_board Member=Component R4 100K
Added Member To Class: ClassName=hot_board Member=Component R5 100K
Added Member To Class: ClassName=hot_board Member=Component R6 1K5
Added Member To Class: ClassName=hot_board Member=Component R7 10R
Added Member To Class: ClassName=hot_board Member=Component R8 10R
Added Member To Class: ClassName=hot_board Member=Component R9 5K1
Added Member To Class: ClassName=hot_board Member=Component R10 10K
Added Member To Class: ClassName=hot_board Member=Component R11 10K
Added Member To Class: ClassName=hot_board Member=Component R12 10K
Added Member To Class: ClassName=hot_board Member=Component R13 10K
Added Member To Class: ClassName=hot_board Member=Component R14 10K
Added Member To Class: ClassName=hot_board Member=Component R15 10K
Added Member To Class: ClassName=hot_board Member=Component R16 10K
Added Member To Class: ClassName=hot_board Member=Component R17 10K
Added Member To Class: ClassName=hot_board Member=Component R18 10K
Added Member To Class: ClassName=hot_board Member=Component R19 10K
Added Member To Class: ClassName=hot_board Member=Component R20 10K
Added Member To Class: ClassName=hot_board Member=Component R21 10K
Added Member To Class: ClassName=hot_board Member=Component SW1 Switch_Cherry_MX1A-E1NN_eec
Added Member To Class: ClassName=hot_board Member=Component SW2 Switch_Cherry_MX1A-E1NN_eec
Added Member To Class: ClassName=hot_board Member=Component SW3 Switch_Cherry_MX1A-E1NN_eec
Added Member To Class: ClassName=hot_board Member=Component SW4 Switch_Cherry_MX1A-E1NN_eec
Added Member To Class: ClassName=hot_board Member=Component SW5 Switch_Cherry_MX1A-E1NN_eec
Added Member To Class: ClassName=hot_board Member=Component SW6 Switch_Cherry_MX1A-E1NN_eec
Added Member To Class: ClassName=hot_board Member=Component SW7 Switch_Cherry_MX1A-E1NN_eec
Added Member To Class: ClassName=hot_board Member=Component SW8 Switch_Cherry_MX1A-E1NN_eec
Added Member To Class: ClassName=hot_board Member=Component SW9 Switch_Cherry_MX1A-E1NN_eec
Added Member To Class: ClassName=hot_board Member=Component SW10 Switch_Cherry_MX1A-E1NN_eec
Added Member To Class: ClassName=hot_board Member=Component SW11 Switch_Cherry_MX1A-E1NN_eec
Added Member To Class: ClassName=hot_board Member=Component SW12 Switch_Cherry_MX1A-E1NN_eec
Added Member To Class: ClassName=hot_board Member=Component X1 32.768kHz
Added Room: Name=hot_board
